1663632491107	geckodriver	INFO	Listening on 127.0.0.1:62076
1663632494188	mozrunner::runner	INFO	Running command: "C:\\Program Files\\Mozilla Firefox\\firefox.exe" "--marionette" "--remote-debugging-port" "62077" "--remote-allow-hosts" "localhost" "-no-remote" "-profile" "C:\\Users\\victo\\AppData\\Local\\Temp\\rust_mozprofileCmL7ZX"
1663632494979	Marionette	INFO	Marionette enabled
1663632494989	Marionette	INFO	Listening on port 62086
WebDriver BiDi listening on ws://localhost:62077
Read port: 62086
1663632495336	RemoteAgent	WARN	TLS certificate errors will be ignored for this session
console.warn: SearchSettings: "get: No settings file exists, new profile?" (new NotFoundError("Could not open the file at C:\\Users\\victo\\AppData\\Local\\Temp\\rust_mozprofileCmL7ZX\\search.json.mozlz4", (void 0)))
1663632503361	Marionette	INFO	Stopped listening on port 62086
1663632503393	CDP	WARN	Failed to remove undefined (Could not parse path (undefined): NS_ERROR_FILE_UNRECOGNIZED_PATH)
[Parent 10168, IPC I/O Parent] WARNING: DuplicateHandle failed for handle 0 in TransferHandles: file /builds/worker/checkouts/gecko/ipc/chromium/src/chrome/common/ipc_channel_win.cc:723
console.warn: SearchService: "#init: abandoning init due to shutting down"
JavaScript error: , line 0: uncaught exception: 2147500036
JavaScript error: , line 0: uncaught exception: 2147500036
JavaScript error: , line 0: uncaught exception: 2147500036
JavaScript error: , line 0: uncaught exception: 2147500036
JavaScript error: , line 0: uncaught exception: 2147500036
JavaScript error: , line 0: uncaught exception: 2147500036
console.warn: services.settings: main/query-stripping sync interrupted by shutdown
console.warn: TopSitesFeed: Failed to fetch data from Contile server: NetworkError when attempting to fetch resource.
